Script started: 2024-12-18 11:41:31
TCPDF loaded successfully
Database connected
Referral ID: 44
Error: SQLSTATE[42S02]: Base table or view not found: 1146 Table 'hospital_referral.gps' doesn't exist
Script started: 2024-12-18 11:42:42
TCPDF loaded successfully
Database connected
Referral ID: 44
Error: SQLSTATE[42S02]: Base table or view not found: 1146 Table 'hospital_referral.gps' doesn't exist
Script started: 2024-12-18 11:45:08
TCPDF loaded successfully
Database connected
Referral ID: 44
Error: SQLSTATE[42S02]: Base table or view not found: 1146 Table 'hospital_referral.gp' doesn't exist
Script started: 2024-12-18 11:46:19
TCPDF loaded successfully
Database connected
Referral ID: 43
Error: SQLSTATE[42S22]: Column not found: 1054 Unknown column 'p.gender' in 'field list'
Script started: 2024-12-18 11:47:04
TCPDF loaded successfully
Database connected
Referral ID: 43
Error: SQLSTATE[42S22]: Column not found: 1054 Unknown column 'p.gender' in 'field list'
Script started: 2024-12-18 11:47:25
TCPDF loaded successfully
Database connected
Referral ID: 44
Error: SQLSTATE[42S22]: Column not found: 1054 Unknown column 'p.phone' in 'field list'
Script started: 2024-12-18 11:48:35
TCPDF loaded successfully
Database connected
Referral ID: 44
Starting PDF generation
Script started: 2024-12-18 11:49:46
TCPDF loaded successfully
Database connected
Referral ID: 44
Starting PDF generation
Script started: 2024-12-18 11:50:48
TCPDF loaded successfully
Database connected
Referral ID: 44
Starting PDF generation
Script started: 2024-12-18 11:51:17
TCPDF loaded successfully
Database connected
Referral ID: 43
Starting PDF generation
Script started: 2024-12-18 11:53:14
TCPDF loaded successfully
Database connected
Referral ID: 44
Starting PDF generation
Script started: 2024-12-18 12:02:56
FPDI loaded successfully
Database connected
Referral ID: 44
Starting PDF generation
Script started: 2024-12-18 12:06:50
FPDI loaded successfully
Database connected
Referral ID: 44
Starting PDF generation
PDF generated successfully
Script started: 2024-12-18 12:09:18
FPDI loaded successfully
Database connected
Referral ID: 44
Starting PDF generation
PDF generated successfully
Script started: 2024-12-18 12:13:45
FPDI loaded successfully
Database connected
Referral ID: 44
Starting PDF generation
PDF generated successfully
Script started: 2024-12-18 12:14:44
FPDI loaded successfully
Database connected
Referral ID: 44
Starting PDF generation
PDF generated successfully
Script started: 2024-12-18 12:16:03
FPDI loaded successfully
Database connected
Referral ID: 44
Starting PDF generation
PDF generated successfully
Script started: 2024-12-18 12:16:52
FPDI loaded successfully
Database connected
Referral ID: 44
Starting PDF generation
PDF generated successfully
Script started: 2024-12-18 12:21:02
FPDI loaded successfully
Database connected
Referral ID: 44
Error: SQLSTATE[42S22]: Column not found: 1054 Unknown column 'g.email' in 'field list'
Script started: 2024-12-18 12:22:54
FPDI loaded successfully
Database connected
Referral ID: 44
Error: SQLSTATE[42S22]: Column not found: 1054 Unknown column 'g.email' in 'field list'
Script started: 2024-12-18 12:24:07
TCPDF loaded successfully
Database connected
Referral ID: 44
Starting PDF generation
Script started: 2024-12-18 12:29:41
TCPDF loaded successfully
Database connected
Referral ID: 44
Starting PDF generation
Script started: 2024-12-18 12:30:41
TCPDF loaded successfully
Database connected
Referral ID: 44
Starting PDF generation
Script started: 2024-12-18 12:32:09
TCPDF loaded successfully
Database connected
Referral ID: 44
Starting PDF generation
Script started: 2024-12-18 12:33:22
TCPDF loaded successfully
Database connected
Referral ID: 44
Starting PDF generation
Script started: 2024-12-18 12:36:45
TCPDF loaded successfully
Database connected
Referral ID: 44
Starting PDF generation
Script started: 2024-12-18 12:39:53
TCPDF loaded successfully
Database connected
Referral ID: 44
Error: SQLSTATE[42S22]: Column not found: 1054 Unknown column 'g.mmc_number' in 'field list'
Script started: 2024-12-18 12:41:08
TCPDF loaded successfully
Database connected
Referral ID: 44
Error: SQLSTATE[23000]: Integrity constraint violation: 1052 Column 'phone' in field list is ambiguous
Script started: 2024-12-18 12:43:15
TCPDF loaded successfully
Database connected
Referral ID: 44
Starting PDF generation
Script started: 2024-12-18 12:43:58
TCPDF loaded successfully
Database connected
Referral ID: 44
Script started: 2024-12-18 12:48:02
TCPDF loaded successfully
Database connected
Referral ID: 44
Script started: 2024-12-18 12:48:59
TCPDF loaded successfully
Database connected
Referral ID: 44
Script started: 2024-12-18 12:50:17
TCPDF loaded successfully
Database connected
Referral ID: 44
Script started: 2024-12-18 13:12:41
TCPDF loaded successfully
Database connected
Referral ID: 45
Script started: 2024-12-18 17:50:10
TCPDF loaded successfully
Database connected
Referral ID: 47
